# source
#   data file:		/home/dj/tmp/002_02_180_10000_new_evt.fits
#   degrees/pix:	0.000136639
# background
#   data file:		/home/dj/tmp/002_02_180_10000_new_evt.fits
# column units
#   area:		arcsec**2
#   surf_bri:		cnts/arcsec**2
#   err_rate:		cnts/arcsec**2

# background-subtracted results
 reg       counts     error   background    berror      area  surf_bri  err_rate
---- ------------ --------- ------------ --------- --------- --------- ---------
   1     9211.468    95.979        0.532     0.142     90.25   102.063     1.063
   2       89.674     9.545        1.326     0.332    275.84     0.325     0.035


# the following source and background components were used:
source region(s)
----------------
annulus(4341,4096,0,22,n=2)

 reg       counts    pixels
---- ------------ ---------
   1     9212.000       373
   2       91.000      1140

background region(s)
--------------------
annulus(4341,4096,50,100,n=2)

 reg       counts    pixels
---- ------------ ---------
   1       14.000      9820
   2       16.000     13752

