# source
#   data file:		s3_2000_5000_evt2.fits
#   arcsec/pixel:	0.492
# background
#   data file:		s3_2000_5000_evt2.fits
#   arcsec/pixel:	0.492
# column units
#   area:		arcsec**2
#   surf_bri:		cnts/arcsec**2
#   surf_err:		cnts/arcsec**2

# background-subtracted results
 reg   net_counts     error   background    berror      area  surf_bri  surf_err
---- ------------ --------- ------------ --------- --------- --------- ---------
   1        2.628     1.732        0.372     0.026      2.90     0.905     0.596
   2       14.224     3.873        0.776     0.055      6.05     2.351     0.640
   3       15.294     4.125        1.706     0.120     13.31     1.149     0.310
   4       16.363     4.363        2.637     0.186     20.58     0.795     0.212
   5       20.681     4.905        3.319     0.234     25.90     0.798     0.189
   6       10.967     3.883        4.033     0.284     31.47     0.349     0.123
   7        9.788     3.890        5.212     0.368     40.67     0.241     0.096
   8       10.199     4.021        5.801     0.409     45.27     0.225     0.089
   9       19.299     5.121        6.701     0.473     52.29     0.369     0.098
  10       12.803     4.501        7.197     0.508     56.16     0.228     0.080
  11       23.344     5.690        8.656     0.611     67.54     0.346     0.084
  12       22.034     5.604        8.966     0.632     69.96     0.315     0.080
  13       19.886     5.523       10.114     0.713     78.91     0.252     0.070
  14        6.142     4.194       10.858     0.766     84.72     0.072     0.049
  15        8.335     4.547       11.665     0.823     91.02     0.092     0.050
  16        8.405     4.668       12.595     0.888     98.28     0.086     0.047
  17       10.846     4.986       13.154     0.928    102.64     0.106     0.049
  18        9.040     4.896       13.960     0.985    108.93     0.083     0.045
  19        3.047     4.372       14.953     1.055    116.67     0.026     0.037
  20        2.240     4.386       15.760     1.112    122.97     0.018     0.036


# the following source and background components were used:
source_region(s)
----------------
# Region file format: CIAO version 1.0
annulus(4048,4133.25,0,2.0325203)
annulus(4048,4133.25,2.0325203,4.0650406)
annulus(4048,4133.25,4.0650406,6.0975609)
annulus(4048,4133.25,6.0975609,8.1300811)
annulus(4048,4133.25,8.1300811,10.162601)
annulus(4048,4133.25,10.162601,12.195122)
annulus(4048,4133.25,12.195122,14.227642)
annulus(4048,4133.25,14.227642,16.260162)
annulus(4048,4133.25,16.260162,18.292683)
annulus(4048,4133.25,18.292683,20.325203)
annulus(4048,4133.25,20.325203,22.357723)
annulus(4048,4133.25,22.357723,24.390243)
annulus(4048,4133.25,24.390243,26.422764)
annulus(4048,4133.25,26.422764,28.455284)
annulus(4048,4133.25,28.455284,30.487804)
annulus(4048,4133.25,30.487804,32.520325)
annulus(4048,4133.25,32.520325,34.552845)
annulus(4048,4133.25,34.552845,36.585365)
annulus(4048,4133.25,36.585365,38.617885)
annulus(4048,4133.25,38.617885,40.650406)
-circle(4046.7588,4129.7533,2.9897967)
-circle(4042.9545,4118.3713,2.7499999)
-circle(4045.7323,4124.0013,2.8749999)
-circle(4040.5,4154.75,1.75)

 reg       counts    pixels
---- ------------ ---------
   1        3.000        12
   2       15.000        25
   3       17.000        55
   4       19.000        85
   5       24.000       107
   6       15.000       130
   7       15.000       168
   8       16.000       187
   9       26.000       216
  10       20.000       232
  11       32.000       279
  12       31.000       289
  13       30.000       326
  14       17.000       350
  15       20.000       376
  16       21.000       406
  17       24.000       424
  18       23.000       450
  19       18.000       482
  20       18.000       508

background_region(s)
--------------------
# Region file format: CIAO version 1.0
annulus(4048,4133.25,40.650406,60.975609)

 reg       counts    pixels
---- ------------ ---------
all       201.000      6479

